--------------------------------------------------------------------
Java options: -Dspark.storage.memoryFraction=0.66 -Dspark.serializer=org.apache.spark.serializer.JavaSerializer -Dspark.locality.wait=60000000
Options: aggregate-by-key-naive --num-trials=10 --inter-trial-wait=3 --num-partitions=2 --reduce-tasks=2 --random-seed=5 --persistent-type=memory  --num-records=1000000 --unique-keys=100 --key-length=10 --unique-values=5000 --value-length=10  --storage-location=hdfs://spark-master:9000/test//spark-perf-kv-data
--------------------------------------------------------------------
20/10/09 02:42:02 DEBUG NativeCodeLoader: Trying to load the custom-built native-hadoop library...
20/10/09 02:42:02 DEBUG NativeCodeLoader: Failed to load native-hadoop with error: java.lang.UnsatisfiedLinkError: no hadoop in java.library.path
20/10/09 02:42:02 DEBUG NativeCodeLoader: java.library.path=:/lib/native:/usr/java/packages/lib/i386:/usr/lib/i386-linux-gnu/jni:/lib/i386-linux-gnu:/usr/lib/i386-linux-gnu:/usr/lib/jni:/lib:/usr/lib
20/10/09 02:42:02 WARN NativeCodeLoader: Unable to load native-hadoop library for your platform... using builtin-java classes where applicable
20/10/09 02:42:02 INFO SparkContext: Running Spark version 2.4.6
20/10/09 02:42:02 WARN SparkConf: Detected deprecated memory fraction settings: [spark.storage.memoryFraction]. As of Spark 1.6, execution and storage memory management are unified. All memory fractions used in the old model are now deprecated and no longer read. If you wish to use the old memory management, you may explicitly enable `spark.memory.useLegacyMode` (not recommended).
20/10/09 02:42:02 INFO SparkContext: Submitted application: TestRunner: aggregate-by-key-naive
20/10/09 02:42:02 INFO SecurityManager: Changing view acls to: root,spark
20/10/09 02:42:02 INFO SecurityManager: Changing modify acls to: root,spark
20/10/09 02:42:02 INFO SecurityManager: Changing view acls groups to: 
20/10/09 02:42:02 INFO SecurityManager: Changing modify acls groups to: 
20/10/09 02:42:02 INFO SecurityManager: SecurityManager: authentication disabled; ui acls disabled; users  with view permissions: Set(root, spark); groups with view permissions: Set(); users  with modify permissions: Set(root, spark); groups with modify permissions: Set()
20/10/09 02:42:02 INFO Utils: Successfully started service 'sparkDriver' on port 36279.
20/10/09 02:42:02 INFO SparkEnv: Registering MapOutputTracker
20/10/09 02:42:02 INFO SparkEnv: Registering BlockManagerMaster
20/10/09 02:42:02 INFO BlockManagerMasterEndpoint: Using org.apache.spark.storage.DefaultTopologyMapper for getting topology information
20/10/09 02:42:02 INFO BlockManagerMasterEndpoint: BlockManagerMasterEndpoint up
20/10/09 02:42:02 INFO DiskBlockManager: Created local directory at /tmp/blockmgr-28f36762-885b-4488-8a48-61a8c929d961
20/10/09 02:42:02 INFO MemoryStore: MemoryStore started with capacity 93.1 MB
20/10/09 02:42:02 INFO SparkEnv: Registering OutputCommitCoordinator
20/10/09 02:42:02 WARN Utils: Service 'SparkUI' could not bind on port 4040. Attempting port 4041.
20/10/09 02:42:02 WARN Utils: Service 'SparkUI' could not bind on port 4041. Attempting port 4042.
20/10/09 02:42:02 INFO Utils: Successfully started service 'SparkUI' on port 4042.
20/10/09 02:42:03 INFO SparkUI: Bound SparkUI to 0.0.0.0, and started at http://spark-master:4042
20/10/09 02:42:03 INFO SparkContext: Added JAR file:/home/spark/FinalProject/SparkParameterTuning/spark-tests/target/spark-perf-tests-assembly.jar at spark://spark-master:36279/jars/spark-perf-tests-assembly.jar with timestamp 1602204123050
20/10/09 02:42:03 INFO Executor: Starting executor ID driver on host localhost
20/10/09 02:42:03 INFO Utils: Successfully started service 'org.apache.spark.network.netty.NettyBlockTransferService' on port 33061.
20/10/09 02:42:03 INFO NettyBlockTransferService: Server created on spark-master:33061
20/10/09 02:42:03 INFO BlockManager: Using org.apache.spark.storage.RandomBlockReplicationPolicy for block replication policy
20/10/09 02:42:03 INFO BlockManagerMaster: Registering BlockManager BlockManagerId(driver, spark-master, 33061, None)
20/10/09 02:42:03 INFO BlockManagerMasterEndpoint: Registering block manager spark-master:33061 with 93.1 MB RAM, BlockManagerId(driver, spark-master, 33061, None)
20/10/09 02:42:03 INFO BlockManagerMaster: Registered BlockManager BlockManagerId(driver, spark-master, 33061, None)
20/10/09 02:42:03 INFO BlockManager: Initialized BlockManager: BlockManagerId(driver, spark-master, 33061, None)
20/10/09 02:42:03 INFO EventLoggingListener: Logging events to file:/usr/local/spark/logs/local-1602204123102
20/10/09 02:42:04 INFO SparkContext: Starting job: count at DataGenerator.scala:126
20/10/09 02:42:04 INFO DAGScheduler: Got job 0 (count at DataGenerator.scala:126) with 2 output partitions
20/10/09 02:42:04 INFO DAGScheduler: Final stage: ResultStage 0 (count at DataGenerator.scala:126)
20/10/09 02:42:04 INFO DAGScheduler: Parents of final stage: List()
20/10/09 02:42:04 INFO DAGScheduler: Missing parents: List()
20/10/09 02:42:04 INFO DAGScheduler: Submitting ResultStage 0 (MapPartitionsRDD[2] at map at DataGenerator.scala:119), which has no missing parents
20/10/09 02:42:04 WARN SizeEstimator: Failed to check whether UseCompressedOops is set; assuming yes
20/10/09 02:42:04 INFO MemoryStore: Block broadcast_0 stored as values in memory (estimated size 2.4 KB, free 93.1 MB)
20/10/09 02:42:04 INFO MemoryStore: Block broadcast_0_piece0 stored as bytes in memory (estimated size 1645.0 B, free 93.1 MB)
20/10/09 02:42:04 INFO BlockManagerInfo: Added broadcast_0_piece0 in memory on spark-master:33061 (size: 1645.0 B, free: 93.1 MB)
20/10/09 02:42:04 INFO SparkContext: Created broadcast 0 from broadcast at DAGScheduler.scala:1163
20/10/09 02:42:04 INFO DAGScheduler: Submitting 2 missing tasks from ResultStage 0 (MapPartitionsRDD[2] at map at DataGenerator.scala:119) (first 15 tasks are for partitions Vector(0, 1))
20/10/09 02:42:04 INFO TaskSchedulerImpl: Adding task set 0.0 with 2 tasks
20/10/09 02:42:04 INFO TaskSetManager: Starting task 0.0 in stage 0.0 (TID 0, localhost, executor driver, partition 0, PROCESS_LOCAL, 7793 bytes)
20/10/09 02:42:04 INFO TaskSetManager: Starting task 1.0 in stage 0.0 (TID 1, localhost, executor driver, partition 1, PROCESS_LOCAL, 7793 bytes)
20/10/09 02:42:04 INFO Executor: Running task 1.0 in stage 0.0 (TID 1)
20/10/09 02:42:04 INFO Executor: Running task 0.0 in stage 0.0 (TID 0)
20/10/09 02:42:04 INFO Executor: Fetching spark://spark-master:36279/jars/spark-perf-tests-assembly.jar with timestamp 1602204123050
20/10/09 02:42:04 INFO TransportClientFactory: Successfully created connection to spark-master/10.0.2.7:36279 after 38 ms (0 ms spent in bootstraps)
20/10/09 02:42:04 INFO Utils: Fetching spark://spark-master:36279/jars/spark-perf-tests-assembly.jar to /tmp/spark-b9d03afb-e7f7-4e97-ad78-ecbbd4dc4fa7/userFiles-3f30acbb-a2b8-46c5-ade6-923d38feee31/fetchFileTemp7963773180264273401.tmp
20/10/09 02:42:05 INFO Executor: Adding file:/tmp/spark-b9d03afb-e7f7-4e97-ad78-ecbbd4dc4fa7/userFiles-3f30acbb-a2b8-46c5-ade6-923d38feee31/spark-perf-tests-assembly.jar to class loader
20/10/09 02:42:08 INFO MemoryStore: Will not store rdd_2_1
20/10/09 02:42:08 WARN MemoryStore: Not enough space to cache rdd_2_1 in memory! (computed 41.8 MB so far)
20/10/09 02:42:08 INFO MemoryStore: Memory use = 4.0 KB (blocks) + 83.7 MB (scratch space shared across 2 tasks(s)) = 83.7 MB. Storage limit = 93.1 MB.
20/10/09 02:42:08 INFO MemoryStore: Will not store rdd_2_0
20/10/09 02:42:08 WARN MemoryStore: Not enough space to cache rdd_2_0 in memory! (computed 41.8 MB so far)
20/10/09 02:42:08 WARN BlockManager: Block rdd_2_1 could not be removed as it was not found on disk or in memory
20/10/09 02:42:08 INFO MemoryStore: Memory use = 4.0 KB (blocks) + 83.7 MB (scratch space shared across 2 tasks(s)) = 83.7 MB. Storage limit = 93.1 MB.
20/10/09 02:42:08 WARN BlockManager: Block rdd_2_0 could not be removed as it was not found on disk or in memory
20/10/09 02:42:09 WARN BlockManager: Putting block rdd_2_1 failed
20/10/09 02:42:09 WARN BlockManager: Putting block rdd_2_0 failed
20/10/09 02:42:09 INFO Executor: Finished task 0.0 in stage 0.0 (TID 0). 832 bytes result sent to driver
20/10/09 02:42:09 INFO Executor: Finished task 1.0 in stage 0.0 (TID 1). 832 bytes result sent to driver
20/10/09 02:42:09 INFO TaskSetManager: Finished task 1.0 in stage 0.0 (TID 1) in 5499 ms on localhost (executor driver) (1/2)
20/10/09 02:42:09 INFO TaskSetManager: Finished task 0.0 in stage 0.0 (TID 0) in 5528 ms on localhost (executor driver) (2/2)
20/10/09 02:42:09 INFO TaskSchedulerImpl: Removed TaskSet 0.0, whose tasks have all completed, from pool 
20/10/09 02:42:09 INFO DAGScheduler: ResultStage 0 (count at DataGenerator.scala:126) finished in 5.719 s
20/10/09 02:42:09 INFO DAGScheduler: Job 0 finished: count at DataGenerator.scala:126, took 5.799560 s
20/10/09 02:42:10 INFO SparkContext: Starting job: count at KVDataTest.scala:151
20/10/09 02:42:10 INFO DAGScheduler: Registering RDD 3 (map at KVDataTest.scala:151) as input to shuffle 0
20/10/09 02:42:10 INFO DAGScheduler: Got job 1 (count at KVDataTest.scala:151) with 2 output partitions
20/10/09 02:42:10 INFO DAGScheduler: Final stage: ResultStage 2 (count at KVDataTest.scala:151)
20/10/09 02:42:10 INFO DAGScheduler: Parents of final stage: List(ShuffleMapStage 1)
20/10/09 02:42:10 INFO DAGScheduler: Missing parents: List(ShuffleMapStage 1)
20/10/09 02:42:10 INFO DAGScheduler: Submitting ShuffleMapStage 1 (MapPartitionsRDD[3] at map at KVDataTest.scala:151), which has no missing parents
20/10/09 02:42:10 INFO MemoryStore: Block broadcast_1 stored as values in memory (estimated size 4.6 KB, free 93.1 MB)
20/10/09 02:42:10 INFO MemoryStore: Block broadcast_1_piece0 stored as bytes in memory (estimated size 2.7 KB, free 93.1 MB)
20/10/09 02:42:10 INFO BlockManagerInfo: Added broadcast_1_piece0 in memory on spark-master:33061 (size: 2.7 KB, free: 93.1 MB)
20/10/09 02:42:10 INFO SparkContext: Created broadcast 1 from broadcast at DAGScheduler.scala:1163
20/10/09 02:42:10 INFO DAGScheduler: Submitting 2 missing tasks from ShuffleMapStage 1 (MapPartitionsRDD[3] at map at KVDataTest.scala:151) (first 15 tasks are for partitions Vector(0, 1))
20/10/09 02:42:10 INFO TaskSchedulerImpl: Adding task set 1.0 with 2 tasks
20/10/09 02:42:10 INFO TaskSetManager: Starting task 0.0 in stage 1.0 (TID 2, localhost, executor driver, partition 0, PROCESS_LOCAL, 7782 bytes)
20/10/09 02:42:10 INFO TaskSetManager: Starting task 1.0 in stage 1.0 (TID 3, localhost, executor driver, partition 1, PROCESS_LOCAL, 7782 bytes)
20/10/09 02:42:10 INFO Executor: Running task 0.0 in stage 1.0 (TID 2)
20/10/09 02:42:10 INFO Executor: Running task 1.0 in stage 1.0 (TID 3)
20/10/09 02:42:10 INFO ContextCleaner: Cleaned accumulator 10
20/10/09 02:42:10 INFO ContextCleaner: Cleaned accumulator 11
20/10/09 02:42:10 INFO ContextCleaner: Cleaned accumulator 17
20/10/09 02:42:10 INFO ContextCleaner: Cleaned accumulator 7
20/10/09 02:42:10 INFO ContextCleaner: Cleaned accumulator 18
20/10/09 02:42:10 INFO ContextCleaner: Cleaned accumulator 13
20/10/09 02:42:10 INFO ContextCleaner: Cleaned accumulator 19
20/10/09 02:42:10 INFO ContextCleaner: Cleaned accumulator 14
20/10/09 02:42:10 INFO ContextCleaner: Cleaned accumulator 20
20/10/09 02:42:10 INFO ContextCleaner: Cleaned accumulator 6
20/10/09 02:42:10 INFO ContextCleaner: Cleaned accumulator 21
20/10/09 02:42:10 INFO ContextCleaner: Cleaned accumulator 3
20/10/09 02:42:10 INFO ContextCleaner: Cleaned accumulator 22
20/10/09 02:42:10 INFO ContextCleaner: Cleaned accumulator 16
20/10/09 02:42:10 INFO ContextCleaner: Cleaned accumulator 1
20/10/09 02:42:10 INFO ContextCleaner: Cleaned accumulator 24
20/10/09 02:42:10 INFO BlockManagerInfo: Removed broadcast_0_piece0 on spark-master:33061 in memory (size: 1645.0 B, free: 93.1 MB)
20/10/09 02:42:10 INFO ContextCleaner: Cleaned accumulator 2
20/10/09 02:42:10 INFO ContextCleaner: Cleaned accumulator 4
20/10/09 02:42:10 INFO ContextCleaner: Cleaned accumulator 0
20/10/09 02:42:10 INFO ContextCleaner: Cleaned accumulator 12
20/10/09 02:42:10 INFO ContextCleaner: Cleaned accumulator 5
20/10/09 02:42:10 INFO ContextCleaner: Cleaned accumulator 23
20/10/09 02:42:10 INFO ContextCleaner: Cleaned accumulator 15
20/10/09 02:42:10 INFO ContextCleaner: Cleaned accumulator 9
20/10/09 02:42:10 INFO ContextCleaner: Cleaned accumulator 8
20/10/09 02:42:12 INFO MemoryStore: Will not store rdd_2_1
20/10/09 02:42:12 WARN MemoryStore: Not enough space to cache rdd_2_1 in memory! (computed 41.8 MB so far)
20/10/09 02:42:12 INFO MemoryStore: Memory use = 7.3 KB (blocks) + 83.7 MB (scratch space shared across 2 tasks(s)) = 83.7 MB. Storage limit = 93.1 MB.
20/10/09 02:42:12 WARN BlockManager: Block rdd_2_1 could not be removed as it was not found on disk or in memory
20/10/09 02:42:12 WARN BlockManager: Putting block rdd_2_1 failed
20/10/09 02:42:12 INFO MemoryStore: Will not store rdd_2_0
20/10/09 02:42:12 WARN MemoryStore: Not enough space to cache rdd_2_0 in memory! (computed 41.8 MB so far)
20/10/09 02:42:12 INFO MemoryStore: Memory use = 7.3 KB (blocks) + 83.7 MB (scratch space shared across 2 tasks(s)) = 83.7 MB. Storage limit = 93.1 MB.
20/10/09 02:42:12 WARN BlockManager: Block rdd_2_0 could not be removed as it was not found on disk or in memory
20/10/09 02:42:12 WARN BlockManager: Putting block rdd_2_0 failed
20/10/09 02:42:15 INFO Executor: Finished task 1.0 in stage 1.0 (TID 3). 982 bytes result sent to driver
20/10/09 02:42:15 INFO Executor: Finished task 0.0 in stage 1.0 (TID 2). 982 bytes result sent to driver
20/10/09 02:42:15 INFO TaskSetManager: Finished task 1.0 in stage 1.0 (TID 3) in 5718 ms on localhost (executor driver) (1/2)
20/10/09 02:42:15 INFO TaskSetManager: Finished task 0.0 in stage 1.0 (TID 2) in 5733 ms on localhost (executor driver) (2/2)
20/10/09 02:42:15 INFO TaskSchedulerImpl: Removed TaskSet 1.0, whose tasks have all completed, from pool 
20/10/09 02:42:15 INFO DAGScheduler: ShuffleMapStage 1 (map at KVDataTest.scala:151) finished in 5.750 s
20/10/09 02:42:15 INFO DAGScheduler: looking for newly runnable stages
20/10/09 02:42:15 INFO DAGScheduler: running: Set()
20/10/09 02:42:15 INFO DAGScheduler: waiting: Set(ResultStage 2)
20/10/09 02:42:15 INFO DAGScheduler: failed: Set()
20/10/09 02:42:15 INFO DAGScheduler: Submitting ResultStage 2 (MapPartitionsRDD[5] at map at KVDataTest.scala:151), which has no missing parents
20/10/09 02:42:15 INFO MemoryStore: Block broadcast_2 stored as values in memory (estimated size 5.6 KB, free 93.1 MB)
20/10/09 02:42:15 INFO MemoryStore: Block broadcast_2_piece0 stored as bytes in memory (estimated size 3.0 KB, free 93.1 MB)
20/10/09 02:42:15 INFO BlockManagerInfo: Added broadcast_2_piece0 in memory on spark-master:33061 (size: 3.0 KB, free: 93.1 MB)
20/10/09 02:42:15 INFO SparkContext: Created broadcast 2 from broadcast at DAGScheduler.scala:1163
20/10/09 02:42:15 INFO DAGScheduler: Submitting 2 missing tasks from ResultStage 2 (MapPartitionsRDD[5] at map at KVDataTest.scala:151) (first 15 tasks are for partitions Vector(0, 1))
20/10/09 02:42:15 INFO TaskSchedulerImpl: Adding task set 2.0 with 2 tasks
20/10/09 02:42:15 INFO TaskSetManager: Starting task 0.0 in stage 2.0 (TID 4, localhost, executor driver, partition 0, ANY, 7662 bytes)
20/10/09 02:42:15 INFO TaskSetManager: Starting task 1.0 in stage 2.0 (TID 5, localhost, executor driver, partition 1, ANY, 7662 bytes)
20/10/09 02:42:15 INFO Executor: Running task 1.0 in stage 2.0 (TID 5)
20/10/09 02:42:15 INFO Executor: Running task 0.0 in stage 2.0 (TID 4)
20/10/09 02:42:15 INFO ShuffleBlockFetcherIterator: Getting 2 non-empty blocks including 2 local blocks and 0 remote blocks
20/10/09 02:42:15 INFO ShuffleBlockFetcherIterator: Getting 2 non-empty blocks including 2 local blocks and 0 remote blocks
20/10/09 02:42:15 INFO ShuffleBlockFetcherIterator: Started 0 remote fetches in 12 ms
20/10/09 02:42:15 INFO ShuffleBlockFetcherIterator: Started 0 remote fetches in 12 ms
20/10/09 02:42:16 INFO Executor: Finished task 1.0 in stage 2.0 (TID 5). 1219 bytes result sent to driver
20/10/09 02:42:16 INFO TaskSetManager: Finished task 1.0 in stage 2.0 (TID 5) in 765 ms on localhost (executor driver) (1/2)
20/10/09 02:42:16 INFO Executor: Finished task 0.0 in stage 2.0 (TID 4). 1219 bytes result sent to driver
20/10/09 02:42:16 INFO TaskSetManager: Finished task 0.0 in stage 2.0 (TID 4) in 769 ms on localhost (executor driver) (2/2)
20/10/09 02:42:16 INFO TaskSchedulerImpl: Removed TaskSet 2.0, whose tasks have all completed, from pool 
20/10/09 02:42:16 INFO DAGScheduler: ResultStage 2 (count at KVDataTest.scala:151) finished in 0.782 s
20/10/09 02:42:16 INFO DAGScheduler: Job 1 finished: count at KVDataTest.scala:151, took 6.589738 s
20/10/09 02:42:16 INFO BlockManagerInfo: Removed broadcast_2_piece0 on spark-master:33061 in memory (size: 3.0 KB, free: 93.1 MB)
20/10/09 02:42:16 INFO ContextCleaner: Cleaned accumulator 40
20/10/09 02:42:16 INFO ContextCleaner: Cleaned accumulator 27
20/10/09 02:42:16 INFO ContextCleaner: Cleaned accumulator 46
20/10/09 02:42:16 INFO ContextCleaner: Cleaned accumulator 26
20/10/09 02:42:16 INFO BlockManagerInfo: Removed broadcast_1_piece0 on spark-master:33061 in memory (size: 2.7 KB, free: 93.1 MB)
20/10/09 02:42:16 INFO ContextCleaner: Cleaned accumulator 28
20/10/09 02:42:16 INFO ContextCleaner: Cleaned accumulator 29
20/10/09 02:42:16 INFO ContextCleaner: Cleaned shuffle 0
20/10/09 02:42:16 INFO ContextCleaner: Cleaned accumulator 43
20/10/09 02:42:16 INFO ContextCleaner: Cleaned accumulator 33
20/10/09 02:42:16 INFO ContextCleaner: Cleaned accumulator 47
20/10/09 02:42:16 INFO ContextCleaner: Cleaned accumulator 36
20/10/09 02:42:16 INFO ContextCleaner: Cleaned accumulator 37
20/10/09 02:42:16 INFO ContextCleaner: Cleaned accumulator 41
20/10/09 02:42:16 INFO ContextCleaner: Cleaned accumulator 42
20/10/09 02:42:16 INFO ContextCleaner: Cleaned accumulator 31
20/10/09 02:42:16 INFO ContextCleaner: Cleaned accumulator 49
20/10/09 02:42:16 INFO ContextCleaner: Cleaned accumulator 39
20/10/09 02:42:16 INFO ContextCleaner: Cleaned accumulator 34
20/10/09 02:42:16 INFO ContextCleaner: Cleaned accumulator 38
20/10/09 02:42:16 INFO ContextCleaner: Cleaned accumulator 44
20/10/09 02:42:16 INFO ContextCleaner: Cleaned accumulator 45
20/10/09 02:42:16 INFO ContextCleaner: Cleaned accumulator 32
20/10/09 02:42:16 INFO ContextCleaner: Cleaned accumulator 25
20/10/09 02:42:16 INFO ContextCleaner: Cleaned accumulator 35
20/10/09 02:42:16 INFO ContextCleaner: Cleaned accumulator 48
20/10/09 02:42:16 INFO ContextCleaner: Cleaned accumulator 30
20/10/09 02:42:19 INFO SparkContext: Starting job: count at KVDataTest.scala:151
20/10/09 02:42:19 INFO DAGScheduler: Registering RDD 6 (map at KVDataTest.scala:151) as input to shuffle 1
20/10/09 02:42:19 INFO DAGScheduler: Got job 2 (count at KVDataTest.scala:151) with 2 output partitions
20/10/09 02:42:19 INFO DAGScheduler: Final stage: ResultStage 4 (count at KVDataTest.scala:151)
20/10/09 02:42:19 INFO DAGScheduler: Parents of final stage: List(ShuffleMapStage 3)
20/10/09 02:42:19 INFO DAGScheduler: Missing parents: List(ShuffleMapStage 3)
20/10/09 02:42:19 INFO DAGScheduler: Submitting ShuffleMapStage 3 (MapPartitionsRDD[6] at map at KVDataTest.scala:151), which has no missing parents
20/10/09 02:42:19 INFO MemoryStore: Block broadcast_3 stored as values in memory (estimated size 4.6 KB, free 93.1 MB)
20/10/09 02:42:19 INFO MemoryStore: Block broadcast_3_piece0 stored as bytes in memory (estimated size 2.7 KB, free 93.1 MB)
20/10/09 02:42:19 INFO BlockManagerInfo: Added broadcast_3_piece0 in memory on spark-master:33061 (size: 2.7 KB, free: 93.1 MB)
20/10/09 02:42:19 INFO SparkContext: Created broadcast 3 from broadcast at DAGScheduler.scala:1163
20/10/09 02:42:19 INFO DAGScheduler: Submitting 2 missing tasks from ShuffleMapStage 3 (MapPartitionsRDD[6] at map at KVDataTest.scala:151) (first 15 tasks are for partitions Vector(0, 1))
20/10/09 02:42:19 INFO TaskSchedulerImpl: Adding task set 3.0 with 2 tasks
20/10/09 02:42:19 INFO TaskSetManager: Starting task 0.0 in stage 3.0 (TID 6, localhost, executor driver, partition 0, PROCESS_LOCAL, 7782 bytes)
20/10/09 02:42:19 INFO TaskSetManager: Starting task 1.0 in stage 3.0 (TID 7, localhost, executor driver, partition 1, PROCESS_LOCAL, 7782 bytes)
20/10/09 02:42:19 INFO Executor: Running task 1.0 in stage 3.0 (TID 7)
20/10/09 02:42:19 INFO Executor: Running task 0.0 in stage 3.0 (TID 6)
20/10/09 02:42:22 INFO MemoryStore: Will not store rdd_2_0
20/10/09 02:42:22 WARN MemoryStore: Not enough space to cache rdd_2_0 in memory! (computed 41.8 MB so far)
20/10/09 02:42:22 INFO MemoryStore: Memory use = 7.3 KB (blocks) + 83.7 MB (scratch space shared across 2 tasks(s)) = 83.7 MB. Storage limit = 93.1 MB.
20/10/09 02:42:22 WARN BlockManager: Block rdd_2_0 could not be removed as it was not found on disk or in memory
20/10/09 02:42:22 WARN BlockManager: Putting block rdd_2_0 failed
20/10/09 02:42:22 INFO MemoryStore: Will not store rdd_2_1
20/10/09 02:42:22 WARN MemoryStore: Not enough space to cache rdd_2_1 in memory! (computed 41.8 MB so far)
20/10/09 02:42:22 INFO MemoryStore: Memory use = 7.3 KB (blocks) + 83.7 MB (scratch space shared across 2 tasks(s)) = 83.7 MB. Storage limit = 93.1 MB.
20/10/09 02:42:22 WARN BlockManager: Block rdd_2_1 could not be removed as it was not found on disk or in memory
20/10/09 02:42:22 WARN BlockManager: Putting block rdd_2_1 failed
20/10/09 02:42:25 INFO Executor: Finished task 1.0 in stage 3.0 (TID 7). 982 bytes result sent to driver
20/10/09 02:42:25 INFO TaskSetManager: Finished task 1.0 in stage 3.0 (TID 7) in 5303 ms on localhost (executor driver) (1/2)
20/10/09 02:42:25 INFO Executor: Finished task 0.0 in stage 3.0 (TID 6). 939 bytes result sent to driver
20/10/09 02:42:25 INFO TaskSetManager: Finished task 0.0 in stage 3.0 (TID 6) in 5434 ms on localhost (executor driver) (2/2)
20/10/09 02:42:25 INFO TaskSchedulerImpl: Removed TaskSet 3.0, whose tasks have all completed, from pool 
20/10/09 02:42:25 INFO DAGScheduler: ShuffleMapStage 3 (map at KVDataTest.scala:151) finished in 5.463 s
20/10/09 02:42:25 INFO DAGScheduler: looking for newly runnable stages
20/10/09 02:42:25 INFO DAGScheduler: running: Set()
20/10/09 02:42:25 INFO DAGScheduler: waiting: Set(ResultStage 4)
20/10/09 02:42:25 INFO DAGScheduler: failed: Set()
20/10/09 02:42:25 INFO DAGScheduler: Submitting ResultStage 4 (MapPartitionsRDD[8] at map at KVDataTest.scala:151), which has no missing parents
20/10/09 02:42:25 INFO MemoryStore: Block broadcast_4 stored as values in memory (estimated size 5.6 KB, free 93.1 MB)
20/10/09 02:42:25 INFO MemoryStore: Block broadcast_4_piece0 stored as bytes in memory (estimated size 3.0 KB, free 93.1 MB)
20/10/09 02:42:25 INFO BlockManagerInfo: Added broadcast_4_piece0 in memory on spark-master:33061 (size: 3.0 KB, free: 93.1 MB)
20/10/09 02:42:25 INFO SparkContext: Created broadcast 4 from broadcast at DAGScheduler.scala:1163
20/10/09 02:42:25 INFO DAGScheduler: Submitting 2 missing tasks from ResultStage 4 (MapPartitionsRDD[8] at map at KVDataTest.scala:151) (first 15 tasks are for partitions Vector(0, 1))
20/10/09 02:42:25 INFO TaskSchedulerImpl: Adding task set 4.0 with 2 tasks
20/10/09 02:42:25 INFO TaskSetManager: Starting task 0.0 in stage 4.0 (TID 8, localhost, executor driver, partition 0, ANY, 7662 bytes)
20/10/09 02:42:25 INFO TaskSetManager: Starting task 1.0 in stage 4.0 (TID 9, localhost, executor driver, partition 1, ANY, 7662 bytes)
20/10/09 02:42:25 INFO Executor: Running task 1.0 in stage 4.0 (TID 9)
20/10/09 02:42:25 INFO Executor: Running task 0.0 in stage 4.0 (TID 8)
20/10/09 02:42:25 INFO ShuffleBlockFetcherIterator: Getting 2 non-empty blocks including 2 local blocks and 0 remote blocks
20/10/09 02:42:25 INFO ShuffleBlockFetcherIterator: Started 0 remote fetches in 0 ms
20/10/09 02:42:25 INFO ShuffleBlockFetcherIterator: Getting 2 non-empty blocks including 2 local blocks and 0 remote blocks
20/10/09 02:42:25 INFO ShuffleBlockFetcherIterator: Started 0 remote fetches in 1 ms
20/10/09 02:42:25 INFO Executor: Finished task 0.0 in stage 4.0 (TID 8). 1219 bytes result sent to driver
20/10/09 02:42:25 INFO TaskSetManager: Finished task 0.0 in stage 4.0 (TID 8) in 320 ms on localhost (executor driver) (1/2)
20/10/09 02:42:25 INFO Executor: Finished task 1.0 in stage 4.0 (TID 9). 1219 bytes result sent to driver
20/10/09 02:42:25 INFO TaskSetManager: Finished task 1.0 in stage 4.0 (TID 9) in 363 ms on localhost (executor driver) (2/2)
20/10/09 02:42:25 INFO TaskSchedulerImpl: Removed TaskSet 4.0, whose tasks have all completed, from pool 
20/10/09 02:42:25 INFO DAGScheduler: ResultStage 4 (count at KVDataTest.scala:151) finished in 0.378 s
20/10/09 02:42:25 INFO DAGScheduler: Job 2 finished: count at KVDataTest.scala:151, took 5.850040 s
20/10/09 02:42:25 INFO BlockManagerInfo: Removed broadcast_4_piece0 on spark-master:33061 in memory (size: 3.0 KB, free: 93.1 MB)
20/10/09 02:42:25 INFO ContextCleaner: Cleaned accumulator 83
20/10/09 02:42:25 INFO ContextCleaner: Cleaned accumulator 61
20/10/09 02:42:25 INFO ContextCleaner: Cleaned accumulator 66
20/10/09 02:42:25 INFO ContextCleaner: Cleaned accumulator 60
20/10/09 02:42:25 INFO ContextCleaner: Cleaned accumulator 107
20/10/09 02:42:25 INFO ContextCleaner: Cleaned accumulator 106
20/10/09 02:42:25 INFO ContextCleaner: Cleaned accumulator 105
20/10/09 02:42:25 INFO ContextCleaner: Cleaned accumulator 82
20/10/09 02:42:25 INFO ContextCleaner: Cleaned accumulator 68
20/10/09 02:42:25 INFO ContextCleaner: Cleaned accumulator 109
20/10/09 02:42:25 INFO ContextCleaner: Cleaned accumulator 64
20/10/09 02:42:25 INFO ContextCleaner: Cleaned accumulator 51
20/10/09 02:42:25 INFO ContextCleaner: Cleaned accumulator 124
20/10/09 02:42:25 INFO ContextCleaner: Cleaned accumulator 96
20/10/09 02:42:25 INFO ContextCleaner: Cleaned shuffle 1
20/10/09 02:42:25 INFO ContextCleaner: Cleaned accumulator 63
20/10/09 02:42:25 INFO ContextCleaner: Cleaned accumulator 54
20/10/09 02:42:25 INFO ContextCleaner: Cleaned accumulator 113
20/10/09 02:42:25 INFO ContextCleaner: Cleaned accumulator 92
20/10/09 02:42:25 INFO ContextCleaner: Cleaned accumulator 86
20/10/09 02:42:25 INFO ContextCleaner: Cleaned accumulator 79
20/10/09 02:42:25 INFO ContextCleaner: Cleaned accumulator 112
20/10/09 02:42:25 INFO ContextCleaner: Cleaned accumulator 74
20/10/09 02:42:25 INFO ContextCleaner: Cleaned accumulator 52
20/10/09 02:42:25 INFO ContextCleaner: Cleaned accumulator 110
20/10/09 02:42:25 INFO ContextCleaner: Cleaned accumulator 97
20/10/09 02:42:25 INFO ContextCleaner: Cleaned accumulator 121
20/10/09 02:42:25 INFO ContextCleaner: Cleaned accumulator 72
20/10/09 02:42:25 INFO ContextCleaner: Cleaned accumulator 69
20/10/09 02:42:25 INFO ContextCleaner: Cleaned accumulator 87
20/10/09 02:42:25 INFO ContextCleaner: Cleaned accumulator 91
20/10/09 02:42:25 INFO ContextCleaner: Cleaned accumulator 117
20/10/09 02:42:25 INFO ContextCleaner: Cleaned accumulator 84
20/10/09 02:42:25 INFO ContextCleaner: Cleaned accumulator 94
20/10/09 02:42:25 INFO ContextCleaner: Cleaned accumulator 80
20/10/09 02:42:25 INFO ContextCleaner: Cleaned accumulator 62
20/10/09 02:42:25 INFO ContextCleaner: Cleaned accumulator 123
20/10/09 02:42:25 INFO ContextCleaner: Cleaned accumulator 108
20/10/09 02:42:25 INFO ContextCleaner: Cleaned accumulator 115
20/10/09 02:42:25 INFO ContextCleaner: Cleaned accumulator 73
20/10/09 02:42:25 INFO ContextCleaner: Cleaned accumulator 101
20/10/09 02:42:25 INFO ContextCleaner: Cleaned accumulator 56
20/10/09 02:42:25 INFO ContextCleaner: Cleaned accumulator 77
20/10/09 02:42:25 INFO ContextCleaner: Cleaned accumulator 118
20/10/09 02:42:25 INFO ContextCleaner: Cleaned accumulator 114
20/10/09 02:42:25 INFO ContextCleaner: Cleaned accumulator 76
20/10/09 02:42:25 INFO ContextCleaner: Cleaned accumulator 122
20/10/09 02:42:25 INFO ContextCleaner: Cleaned accumulator 53
20/10/09 02:42:25 INFO ContextCleaner: Cleaned accumulator 116
20/10/09 02:42:25 INFO ContextCleaner: Cleaned accumulator 119
20/10/09 02:42:25 INFO ContextCleaner: Cleaned accumulator 95
20/10/09 02:42:25 INFO ContextCleaner: Cleaned accumulator 59
20/10/09 02:42:25 INFO ContextCleaner: Cleaned accumulator 50
20/10/09 02:42:25 INFO ContextCleaner: Cleaned accumulator 102
20/10/09 02:42:25 INFO ContextCleaner: Cleaned accumulator 78
20/10/09 02:42:25 INFO ContextCleaner: Cleaned accumulator 58
20/10/09 02:42:25 INFO ContextCleaner: Cleaned accumulator 93
20/10/09 02:42:25 INFO ContextCleaner: Cleaned accumulator 55
20/10/09 02:42:25 INFO ContextCleaner: Cleaned accumulator 85
20/10/09 02:42:25 INFO ContextCleaner: Cleaned accumulator 103
20/10/09 02:42:25 INFO ContextCleaner: Cleaned accumulator 90
20/10/09 02:42:25 INFO ContextCleaner: Cleaned accumulator 71
20/10/09 02:42:25 INFO ContextCleaner: Cleaned accumulator 120
20/10/09 02:42:25 INFO ContextCleaner: Cleaned accumulator 89
20/10/09 02:42:25 INFO ContextCleaner: Cleaned accumulator 100
20/10/09 02:42:25 INFO ContextCleaner: Cleaned accumulator 65
20/10/09 02:42:25 INFO ContextCleaner: Cleaned accumulator 111
20/10/09 02:42:25 INFO ContextCleaner: Cleaned accumulator 81
20/10/09 02:42:25 INFO ContextCleaner: Cleaned accumulator 70
20/10/09 02:42:25 INFO ContextCleaner: Cleaned accumulator 67
20/10/09 02:42:25 INFO ContextCleaner: Cleaned accumulator 104
20/10/09 02:42:25 INFO ContextCleaner: Cleaned accumulator 99
20/10/09 02:42:25 INFO ContextCleaner: Cleaned accumulator 98
20/10/09 02:42:25 INFO ContextCleaner: Cleaned accumulator 88
20/10/09 02:42:25 INFO BlockManagerInfo: Removed broadcast_3_piece0 on spark-master:33061 in memory (size: 2.7 KB, free: 93.1 MB)
20/10/09 02:42:25 INFO ContextCleaner: Cleaned accumulator 57
20/10/09 02:42:25 INFO ContextCleaner: Cleaned accumulator 75
20/10/09 02:42:28 INFO SparkContext: Starting job: count at KVDataTest.scala:151
20/10/09 02:42:28 INFO DAGScheduler: Registering RDD 9 (map at KVDataTest.scala:151) as input to shuffle 2
20/10/09 02:42:28 INFO DAGScheduler: Got job 3 (count at KVDataTest.scala:151) with 2 output partitions
20/10/09 02:42:28 INFO DAGScheduler: Final stage: ResultStage 6 (count at KVDataTest.scala:151)
20/10/09 02:42:28 INFO DAGScheduler: Parents of final stage: List(ShuffleMapStage 5)
20/10/09 02:42:28 INFO DAGScheduler: Missing parents: List(ShuffleMapStage 5)
20/10/09 02:42:28 INFO DAGScheduler: Submitting ShuffleMapStage 5 (MapPartitionsRDD[9] at map at KVDataTest.scala:151), which has no missing parents
20/10/09 02:42:28 INFO MemoryStore: Block broadcast_5 stored as values in memory (estimated size 4.6 KB, free 93.1 MB)
20/10/09 02:42:28 INFO MemoryStore: Block broadcast_5_piece0 stored as bytes in memory (estimated size 2.7 KB, free 93.1 MB)
20/10/09 02:42:28 INFO BlockManagerInfo: Added broadcast_5_piece0 in memory on spark-master:33061 (size: 2.7 KB, free: 93.1 MB)
20/10/09 02:42:28 INFO SparkContext: Created broadcast 5 from broadcast at DAGScheduler.scala:1163
20/10/09 02:42:28 INFO DAGScheduler: Submitting 2 missing tasks from ShuffleMapStage 5 (MapPartitionsRDD[9] at map at KVDataTest.scala:151) (first 15 tasks are for partitions Vector(0, 1))
20/10/09 02:42:28 INFO TaskSchedulerImpl: Adding task set 5.0 with 2 tasks
20/10/09 02:42:28 INFO TaskSetManager: Starting task 0.0 in stage 5.0 (TID 10, localhost, executor driver, partition 0, PROCESS_LOCAL, 7782 bytes)
20/10/09 02:42:28 INFO TaskSetManager: Starting task 1.0 in stage 5.0 (TID 11, localhost, executor driver, partition 1, PROCESS_LOCAL, 7782 bytes)
20/10/09 02:42:28 INFO Executor: Running task 0.0 in stage 5.0 (TID 10)
20/10/09 02:42:28 INFO Executor: Running task 1.0 in stage 5.0 (TID 11)
